{"C:\\Users\\sellim\\.deloitte.project\\rms-tasklist-workflow-3\\rms-tasklist-workflow\\source-code\\rms-tasklist-workflow-frontend\\src\\components\\Popups\\ErrorMessageWarning.js": {"path":"C:\\Users\\sellim\\.deloitte.project\\rms-tasklist-workflow-3\\rms-tasklist-workflow\\source-code\\rms-tasklist-workflow-frontend\\src\\components\\Popups\\ErrorMessageWarning.js","statementMap":{"0":{"start":{"line":3,"column":28},"end":{"line":60,"column":1}},"1":{"start":{"line":4,"column":51},"end":{"line":4,"column":56}},"2":{"start":{"line":6,"column":2},"end":{"line":59,"column":4}}},"fnMap":{"0":{"name":"(anonymous_0)","decl":{"start":{"line":3,"column":28},"end":{"line":3,"column":29}},"loc":{"start":{"line":3,"column":39},"end":{"line":60,"column":1}},"line":3}},"branchMap":{"0":{"loc":{"start":{"line":29,"column":15},"end":{"line":40,"column":15}},"type":"binary-expr","locations":[{"start":{"line":29,"column":15},"end":{"line":29,"column":31}},{"start":{"line":30,"column":16},"end":{"line":39,"column":21}}],"line":29},"1":{"loc":{"start":{"line":42,"column":15},"end":{"line":53,"column":15}},"type":"binary-expr","locations":[{"start":{"line":42,"column":15},"end":{"line":42,"column":33}},{"start":{"line":43,"column":16},"end":{"line":52,"column":21}}],"line":42}},"s":{"0":1,"1":0,"2":0},"f":{"0":0},"b":{"0":[0,0],"1":[0,0]},"_coverageSchema":"1a1c01bbd47fc00a2c39e90264f33305004495a9","hash":"fb62b0a7a7088352adefccbe4161d68990880d4b"}
,"C:\\Users\\sellim\\.deloitte.project\\rms-tasklist-workflow-3\\rms-tasklist-workflow\\source-code\\rms-tasklist-workflow-frontend\\src\\components\\Popups\\PopUpModal.js": {"path":"C:\\Users\\sellim\\.deloitte.project\\rms-tasklist-workflow-3\\rms-tasklist-workflow\\source-code\\rms-tasklist-workflow-frontend\\src\\components\\Popups\\PopUpModal.js","statementMap":{"0":{"start":{"line":25,"column":19},"end":{"line":116,"column":1}},"1":{"start":{"line":34,"column":6},"end":{"line":34,"column":11}},"2":{"start":{"line":37,"column":19},"end":{"line":69,"column":3}},"3":{"start":{"line":47,"column":4},"end":{"line":68,"column":5}},"4":{"start":{"line":57,"column":6},"end":{"line":57,"column":23}},"5":{"start":{"line":58,"column":11},"end":{"line":68,"column":5}},"6":{"start":{"line":63,"column":6},"end":{"line":63,"column":24}},"7":{"start":{"line":64,"column":11},"end":{"line":68,"column":5}},"8":{"start":{"line":65,"column":6},"end":{"line":65,"column":25}},"9":{"start":{"line":67,"column":6},"end":{"line":67,"column":25}},"10":{"start":{"line":71,"column":2},"end":{"line":115,"column":4}}},"fnMap":{"0":{"name":"(anonymous_0)","decl":{"start":{"line":25,"column":19},"end":{"line":25,"column":20}},"loc":{"start":{"line":25,"column":30},"end":{"line":116,"column":1}},"line":25},"1":{"name":"(anonymous_1)","decl":{"start":{"line":37,"column":19},"end":{"line":37,"column":20}},"loc":{"start":{"line":37,"column":25},"end":{"line":69,"column":3}},"line":37}},"branchMap":{"0":{"loc":{"start":{"line":47,"column":4},"end":{"line":68,"column":5}},"type":"if","locations":[{"start":{"line":47,"column":4},"end":{"line":68,"column":5}},{"start":{"line":58,"column":11},"end":{"line":68,"column":5}}],"line":47},"1":{"loc":{"start":{"line":48,"column":6},"end":{"line":55,"column":35}},"type":"binary-expr","locations":[{"start":{"line":48,"column":6},"end":{"line":48,"column":36}},{"start":{"line":49,"column":6},"end":{"line":49,"column":34}},{"start":{"line":50,"column":6},"end":{"line":50,"column":36}},{"start":{"line":51,"column":6},"end":{"line":51,"column":49}},{"start":{"line":52,"column":6},"end":{"line":52,"column":50}},{"start":{"line":53,"column":6},"end":{"line":53,"column":35}},{"start":{"line":54,"column":6},"end":{"line":54,"column":34}},{"start":{"line":55,"column":6},"end":{"line":55,"column":35}}],"line":48},"2":{"loc":{"start":{"line":58,"column":11},"end":{"line":68,"column":5}},"type":"if","locations":[{"start":{"line":58,"column":11},"end":{"line":68,"column":5}},{"start":{"line":64,"column":11},"end":{"line":68,"column":5}}],"line":58},"3":{"loc":{"start":{"line":59,"column":6},"end":{"line":61,"column":50}},"type":"binary-expr","locations":[{"start":{"line":59,"column":6},"end":{"line":59,"column":35}},{"start":{"line":60,"column":6},"end":{"line":60,"column":35}},{"start":{"line":61,"column":6},"end":{"line":61,"column":50}}],"line":59},"4":{"loc":{"start":{"line":64,"column":11},"end":{"line":68,"column":5}},"type":"if","locations":[{"start":{"line":64,"column":11},"end":{"line":68,"column":5}},{"start":{"line":66,"column":11},"end":{"line":68,"column":5}}],"line":64},"5":{"loc":{"start":{"line":102,"column":17},"end":{"line":102,"column":77}},"type":"cond-expr","locations":[{"start":{"line":102,"column":45},"end":{"line":102,"column":70}},{"start":{"line":102,"column":73},"end":{"line":102,"column":77}}],"line":102}},"s":{"0":1,"1":0,"2":0,"3":0,"4":0,"5":0,"6":0,"7":0,"8":0,"9":0,"10":0},"f":{"0":0,"1":0},"b":{"0":[0,0],"1":[0,0,0,0,0,0,0,0],"2":[0,0],"3":[0,0,0],"4":[0,0],"5":[0,0]},"_coverageSchema":"1a1c01bbd47fc00a2c39e90264f33305004495a9","hash":"4c7448229f9f75de9672cc031bf159c5685bf42a"}
,"C:\\Users\\sellim\\.deloitte.project\\rms-tasklist-workflow-3\\rms-tasklist-workflow\\source-code\\rms-tasklist-workflow-frontend\\src\\data\\DataConst.js": {"path":"C:\\Users\\sellim\\.deloitte.project\\rms-tasklist-workflow-3\\rms-tasklist-workflow\\source-code\\rms-tasklist-workflow-frontend\\src\\data\\DataConst.js","statementMap":{"0":{"start":{"line":2,"column":24},"end":{"line":2,"column":32}},"1":{"start":{"line":3,"column":30},"end":{"line":3,"column":39}},"2":{"start":{"line":6,"column":32},"end":{"line":6,"column":41}},"3":{"start":{"line":7,"column":30},"end":{"line":7,"column":37}},"4":{"start":{"line":8,"column":32},"end":{"line":8,"column":41}},"5":{"start":{"line":9,"column":45},"end":{"line":9,"column":67}},"6":{"start":{"line":10,"column":46},"end":{"line":10,"column":69}},"7":{"start":{"line":11,"column":31},"end":{"line":11,"column":39}},"8":{"start":{"line":12,"column":30},"end":{"line":12,"column":37}},"9":{"start":{"line":13,"column":31},"end":{"line":13,"column":39}},"10":{"start":{"line":14,"column":32},"end":{"line":14,"column":41}},"11":{"start":{"line":16,"column":31},"end":{"line":16,"column":39}},"12":{"start":{"line":17,"column":31},"end":{"line":17,"column":39}},"13":{"start":{"line":18,"column":46},"end":{"line":18,"column":69}},"14":{"start":{"line":19,"column":31},"end":{"line":19,"column":39}},"15":{"start":{"line":22,"column":34},"end":{"line":22,"column":65}},"16":{"start":{"line":24,"column":2},"end":{"line":24,"column":86}},"17":{"start":{"line":27,"column":38},"end":{"line":28,"column":53}},"18":{"start":{"line":31,"column":33},"end":{"line":31,"column":36}},"19":{"start":{"line":32,"column":40},"end":{"line":32,"column":63}},"20":{"start":{"line":34,"column":2},"end":{"line":34,"column":40}},"21":{"start":{"line":36,"column":2},"end":{"line":36,"column":39}},"22":{"start":{"line":37,"column":44},"end":{"line":37,"column":78}}},"fnMap":{},"branchMap":{},"s":{"0":1,"1":1,"2":1,"3":1,"4":1,"5":1,"6":1,"7":1,"8":1,"9":1,"10":1,"11":1,"12":1,"13":1,"14":1,"15":1,"16":1,"17":1,"18":1,"19":1,"20":1,"21":1,"22":1},"f":{},"b":{},"_coverageSchema":"1a1c01bbd47fc00a2c39e90264f33305004495a9","hash":"af769a8736ee5969591c8beb53c18850382ff4e6"}
,"C:\\Users\\sellim\\.deloitte.project\\rms-tasklist-workflow-3\\rms-tasklist-workflow\\source-code\\rms-tasklist-workflow-frontend\\src\\data\\TaskGlobalApi.js": {"path":"C:\\Users\\sellim\\.deloitte.project\\rms-tasklist-workflow-3\\rms-tasklist-workflow\\source-code\\rms-tasklist-workflow-frontend\\src\\data\\TaskGlobalApi.js","statementMap":{"0":{"start":{"line":1,"column":28},"end":{"line":1,"column":52}},"1":{"start":{"line":3,"column":23},"end":{"line":3,"column":40}},"2":{"start":{"line":4,"column":25},"end":{"line":4,"column":40}},"3":{"start":{"line":6,"column":21},"end":{"line":6,"column":46}},"4":{"start":{"line":7,"column":24},"end":{"line":7,"column":42}},"5":{"start":{"line":8,"column":21},"end":{"line":8,"column":37}},"6":{"start":{"line":9,"column":22},"end":{"line":9,"column":34}},"7":{"start":{"line":11,"column":24},"end":{"line":11,"column":34}},"8":{"start":{"line":12,"column":22},"end":{"line":12,"column":34}},"9":{"start":{"line":13,"column":21},"end":{"line":13,"column":32}},"10":{"start":{"line":15,"column":24},"end":{"line":15,"column":47}},"11":{"start":{"line":16,"column":24},"end":{"line":16,"column":46}},"12":{"start":{"line":17,"column":25},"end":{"line":17,"column":57}},"13":{"start":{"line":18,"column":28},"end":{"line":18,"column":63}},"14":{"start":{"line":19,"column":28},"end":{"line":19,"column":63}},"15":{"start":{"line":21,"column":16},"end":{"line":23,"column":1}},"16":{"start":{"line":28,"column":16},"end":{"line":33,"column":5}},"17":{"start":{"line":34,"column":4},"end":{"line":34,"column":15}},"18":{"start":{"line":39,"column":16},"end":{"line":44,"column":5}},"19":{"start":{"line":45,"column":4},"end":{"line":45,"column":15}},"20":{"start":{"line":50,"column":16},"end":{"line":52,"column":6}},"21":{"start":{"line":53,"column":4},"end":{"line":53,"column":15}},"22":{"start":{"line":58,"column":16},"end":{"line":63,"column":5}},"23":{"start":{"line":64,"column":4},"end":{"line":64,"column":15}},"24":{"start":{"line":69,"column":16},"end":{"line":71,"column":6}},"25":{"start":{"line":72,"column":4},"end":{"line":72,"column":15}},"26":{"start":{"line":77,"column":16},"end":{"line":84,"column":6}},"27":{"start":{"line":85,"column":4},"end":{"line":85,"column":22}},"28":{"start":{"line":90,"column":21},"end":{"line":95,"column":5}},"29":{"start":{"line":97,"column":4},"end":{"line":97,"column":20}},"30":{"start":{"line":102,"column":16},"end":{"line":107,"column":5}},"31":{"start":{"line":108,"column":4},"end":{"line":108,"column":15}},"32":{"start":{"line":112,"column":21},"end":{"line":116,"column":6}},"33":{"start":{"line":117,"column":4},"end":{"line":117,"column":20}},"34":{"start":{"line":121,"column":16},"end":{"line":126,"column":5}},"35":{"start":{"line":127,"column":4},"end":{"line":127,"column":15}},"36":{"start":{"line":131,"column":21},"end":{"line":138,"column":5}},"37":{"start":{"line":139,"column":4},"end":{"line":139,"column":20}},"38":{"start":{"line":143,"column":16},"end":{"line":148,"column":5}},"39":{"start":{"line":149,"column":4},"end":{"line":149,"column":15}},"40":{"start":{"line":155,"column":21},"end":{"line":159,"column":6}},"41":{"start":{"line":161,"column":4},"end":{"line":161,"column":20}},"42":{"start":{"line":166,"column":21},"end":{"line":170,"column":6}},"43":{"start":{"line":172,"column":4},"end":{"line":172,"column":20}}},"fnMap":{"0":{"name":"(anonymous_0)","decl":{"start":{"line":27,"column":2},"end":{"line":27,"column":3}},"loc":{"start":{"line":27,"column":30},"end":{"line":35,"column":3}},"line":27},"1":{"name":"(anonymous_1)","decl":{"start":{"line":38,"column":2},"end":{"line":38,"column":3}},"loc":{"start":{"line":38,"column":32},"end":{"line":46,"column":3}},"line":38},"2":{"name":"(anonymous_2)","decl":{"start":{"line":49,"column":2},"end":{"line":49,"column":3}},"loc":{"start":{"line":49,"column":28},"end":{"line":54,"column":3}},"line":49},"3":{"name":"(anonymous_3)","decl":{"start":{"line":57,"column":2},"end":{"line":57,"column":3}},"loc":{"start":{"line":57,"column":31},"end":{"line":65,"column":3}},"line":57},"4":{"name":"(anonymous_4)","decl":{"start":{"line":68,"column":2},"end":{"line":68,"column":3}},"loc":{"start":{"line":68,"column":28},"end":{"line":73,"column":3}},"line":68},"5":{"name":"(anonymous_5)","decl":{"start":{"line":76,"column":2},"end":{"line":76,"column":3}},"loc":{"start":{"line":76,"column":41},"end":{"line":86,"column":3}},"line":76},"6":{"name":"(anonymous_6)","decl":{"start":{"line":89,"column":2},"end":{"line":89,"column":3}},"loc":{"start":{"line":89,"column":31},"end":{"line":98,"column":3}},"line":89},"7":{"name":"(anonymous_7)","decl":{"start":{"line":101,"column":2},"end":{"line":101,"column":3}},"loc":{"start":{"line":101,"column":35},"end":{"line":109,"column":3}},"line":101},"8":{"name":"(anonymous_8)","decl":{"start":{"line":111,"column":2},"end":{"line":111,"column":3}},"loc":{"start":{"line":111,"column":35},"end":{"line":118,"column":3}},"line":111},"9":{"name":"(anonymous_9)","decl":{"start":{"line":120,"column":2},"end":{"line":120,"column":3}},"loc":{"start":{"line":120,"column":37},"end":{"line":128,"column":3}},"line":120},"10":{"name":"(anonymous_10)","decl":{"start":{"line":130,"column":2},"end":{"line":130,"column":3}},"loc":{"start":{"line":130,"column":33},"end":{"line":140,"column":3}},"line":130},"11":{"name":"(anonymous_11)","decl":{"start":{"line":142,"column":2},"end":{"line":142,"column":3}},"loc":{"start":{"line":142,"column":27},"end":{"line":150,"column":3}},"line":142},"12":{"name":"(anonymous_12)","decl":{"start":{"line":154,"column":2},"end":{"line":154,"column":3}},"loc":{"start":{"line":154,"column":46},"end":{"line":162,"column":3}},"line":154},"13":{"name":"(anonymous_13)","decl":{"start":{"line":165,"column":2},"end":{"line":165,"column":3}},"loc":{"start":{"line":165,"column":42},"end":{"line":173,"column":3}},"line":165}},"branchMap":{},"s":{"0":1,"1":1,"2":1,"3":1,"4":1,"5":1,"6":1,"7":1,"8":1,"9":1,"10":1,"11":1,"12":1,"13":1,"14":1,"15":1,"16":0,"17":0,"18":0,"19":0,"20":0,"21":0,"22":0,"23":0,"24":0,"25":0,"26":0,"27":0,"28":0,"29":0,"30":0,"31":0,"32":0,"33":0,"34":0,"35":0,"36":0,"37":0,"38":0,"39":0,"40":0,"41":0,"42":0,"43":0},"f":{"0":0,"1":0,"2":0,"3":0,"4":0,"5":0,"6":0,"7":0,"8":0,"9":0,"10":0,"11":0,"12":0,"13":0},"b":{},"_coverageSchema":"1a1c01bbd47fc00a2c39e90264f33305004495a9","hash":"09da346979e9dfceed9c42837363d58893747707"}
,"C:\\Users\\sellim\\.deloitte.project\\rms-tasklist-workflow-3\\rms-tasklist-workflow\\source-code\\rms-tasklist-workflow-frontend\\src\\table-layouts\\BackdropLoader.js": {"path":"C:\\Users\\sellim\\.deloitte.project\\rms-tasklist-workflow-3\\rms-tasklist-workflow\\source-code\\rms-tasklist-workflow-frontend\\src\\table-layouts\\BackdropLoader.js","statementMap":{"0":{"start":{"line":6,"column":23},"end":{"line":21,"column":1}},"1":{"start":{"line":7,"column":2},"end":{"line":20,"column":4}},"2":{"start":{"line":12,"column":29},"end":{"line":12,"column":52}}},"fnMap":{"0":{"name":"(anonymous_0)","decl":{"start":{"line":6,"column":23},"end":{"line":6,"column":24}},"loc":{"start":{"line":6,"column":45},"end":{"line":21,"column":1}},"line":6},"1":{"name":"(anonymous_1)","decl":{"start":{"line":12,"column":18},"end":{"line":12,"column":19}},"loc":{"start":{"line":12,"column":29},"end":{"line":12,"column":52}},"line":12}},"branchMap":{},"s":{"0":1,"1":0,"2":0},"f":{"0":0,"1":0},"b":{},"_coverageSchema":"1a1c01bbd47fc00a2c39e90264f33305004495a9","hash":"71ee44d2464d755536c20c7fceae4ae6ca468f3f"}
,"C:\\Users\\sellim\\.deloitte.project\\rms-tasklist-workflow-3\\rms-tasklist-workflow\\source-code\\rms-tasklist-workflow-frontend\\src\\table-layouts\\PageTitle.js": {"path":"C:\\Users\\sellim\\.deloitte.project\\rms-tasklist-workflow-3\\rms-tasklist-workflow\\source-code\\rms-tasklist-workflow-frontend\\src\\table-layouts\\PageTitle.js","statementMap":{"0":{"start":{"line":3,"column":22},"end":{"line":3,"column":43}},"1":{"start":{"line":5,"column":18},"end":{"line":25,"column":1}},"2":{"start":{"line":6,"column":2},"end":{"line":24,"column":4}}},"fnMap":{"0":{"name":"(anonymous_0)","decl":{"start":{"line":5,"column":18},"end":{"line":5,"column":19}},"loc":{"start":{"line":5,"column":29},"end":{"line":25,"column":1}},"line":5}},"branchMap":{},"s":{"0":1,"1":1,"2":6},"f":{"0":6},"b":{},"_coverageSchema":"1a1c01bbd47fc00a2c39e90264f33305004495a9","hash":"c666482807192caec2d8d2208f17813e2aab37a1"}
,"C:\\Users\\sellim\\.deloitte.project\\rms-tasklist-workflow-3\\rms-tasklist-workflow\\source-code\\rms-tasklist-workflow-frontend\\src\\table-layouts\\Pagination.js": {"path":"C:\\Users\\sellim\\.deloitte.project\\rms-tasklist-workflow-3\\rms-tasklist-workflow\\source-code\\rms-tasklist-workflow-frontend\\src\\table-layouts\\Pagination.js","statementMap":{"0":{"start":{"line":5,"column":27},"end":{"line":5,"column":28}},"1":{"start":{"line":8,"column":25},"end":{"line":14,"column":3}},"2":{"start":{"line":15,"column":23},"end":{"line":18,"column":3}},"3":{"start":{"line":20,"column":22},"end":{"line":22,"column":3}},"4":{"start":{"line":21,"column":13},"end":{"line":21,"column":33}},"5":{"start":{"line":24,"column":2},"end":{"line":67,"column":4}},"6":{"start":{"line":31,"column":27},"end":{"line":31,"column":56}},"7":{"start":{"line":41,"column":12},"end":{"line":54,"column":21}},"8":{"start":{"line":51,"column":29},"end":{"line":51,"column":53}},"9":{"start":{"line":59,"column":27},"end":{"line":59,"column":56}}},"fnMap":{"0":{"name":"PaginationTable","decl":{"start":{"line":3,"column":9},"end":{"line":3,"column":24}},"loc":{"start":{"line":3,"column":68},"end":{"line":68,"column":1}},"line":3},"1":{"name":"(anonymous_1)","decl":{"start":{"line":21,"column":4},"end":{"line":21,"column":5}},"loc":{"start":{"line":21,"column":13},"end":{"line":21,"column":33}},"line":21},"2":{"name":"(anonymous_2)","decl":{"start":{"line":31,"column":21},"end":{"line":31,"column":22}},"loc":{"start":{"line":31,"column":27},"end":{"line":31,"column":56}},"line":31},"3":{"name":"(anonymous_3)","decl":{"start":{"line":40,"column":27},"end":{"line":40,"column":28}},"loc":{"start":{"line":41,"column":12},"end":{"line":54,"column":21}},"line":41},"4":{"name":"(anonymous_4)","decl":{"start":{"line":51,"column":23},"end":{"line":51,"column":24}},"loc":{"start":{"line":51,"column":29},"end":{"line":51,"column":53}},"line":51},"5":{"name":"(anonymous_5)","decl":{"start":{"line":59,"column":21},"end":{"line":59,"column":22}},"loc":{"start":{"line":59,"column":27},"end":{"line":59,"column":56}},"line":59}},"branchMap":{"0":{"loc":{"start":{"line":26,"column":7},"end":{"line":65,"column":14}},"type":"cond-expr","locations":[{"start":{"line":27,"column":8},"end":{"line":64,"column":11}},{"start":{"line":65,"column":10},"end":{"line":65,"column":14}}],"line":26},"1":{"loc":{"start":{"line":46,"column":18},"end":{"line":46,"column":66}},"type":"cond-expr","locations":[{"start":{"line":46,"column":47},"end":{"line":46,"column":56}},{"start":{"line":46,"column":59},"end":{"line":46,"column":66}}],"line":46}},"s":{"0":6,"1":6,"2":6,"3":6,"4":0,"5":6,"6":0,"7":0,"8":0,"9":0},"f":{"0":6,"1":0,"2":0,"3":0,"4":0,"5":0},"b":{"0":[0,6],"1":[0,0]},"_coverageSchema":"1a1c01bbd47fc00a2c39e90264f33305004495a9","hash":"e1099ef0e2447b77eba43a2badd8e36129ac44bb"}
,"C:\\Users\\sellim\\.deloitte.project\\rms-tasklist-workflow-3\\rms-tasklist-workflow\\source-code\\rms-tasklist-workflow-frontend\\src\\table-layouts\\TableDisplay.js": {"path":"C:\\Users\\sellim\\.deloitte.project\\rms-tasklist-workflow-3\\rms-tasklist-workflow\\source-code\\rms-tasklist-workflow-frontend\\src\\table-layouts\\TableDisplay.js","statementMap":{"0":{"start":{"line":29,"column":21},"end":{"line":398,"column":1}},"1":{"start":{"line":36,"column":6},"end":{"line":36,"column":23}},"2":{"start":{"line":49,"column":6},"end":{"line":49,"column":29}},"3":{"start":{"line":51,"column":54},"end":{"line":51,"column":69}},"4":{"start":{"line":53,"column":42},"end":{"line":53,"column":57}},"5":{"start":{"line":54,"column":18},"end":{"line":54,"column":30}},"6":{"start":{"line":63,"column":29},"end":{"line":65,"column":3}},"7":{"start":{"line":64,"column":4},"end":{"line":64,"column":26}},"8":{"start":{"line":68,"column":22},"end":{"line":80,"column":3}},"9":{"start":{"line":68,"column":42},"end":{"line":80,"column":3}},"10":{"start":{"line":69,"column":4},"end":{"line":69,"column":27}},"11":{"start":{"line":70,"column":4},"end":{"line":70,"column":26}},"12":{"start":{"line":72,"column":4},"end":{"line":79,"column":13}},"13":{"start":{"line":73,"column":6},"end":{"line":78,"column":8}},"14":{"start":{"line":83,"column":30},"end":{"line":86,"column":3}},"15":{"start":{"line":84,"column":4},"end":{"line":84,"column":23}},"16":{"start":{"line":85,"column":4},"end":{"line":85,"column":25}},"17":{"start":{"line":94,"column":2},"end":{"line":100,"column":9}},"18":{"start":{"line":95,"column":20},"end":{"line":97,"column":12}},"19":{"start":{"line":96,"column":6},"end":{"line":96,"column":34}},"20":{"start":{"line":99,"column":4},"end":{"line":99,"column":39}},"21":{"start":{"line":99,"column":17},"end":{"line":99,"column":38}},"22":{"start":{"line":108,"column":25},"end":{"line":115,"column":3}},"23":{"start":{"line":118,"column":19},"end":{"line":122,"column":3}},"24":{"start":{"line":132,"column":2},"end":{"line":150,"column":3}},"25":{"start":{"line":133,"column":4},"end":{"line":140,"column":6}},"26":{"start":{"line":142,"column":4},"end":{"line":149,"column":6}},"27":{"start":{"line":158,"column":2},"end":{"line":397,"column":4}},"28":{"start":{"line":240,"column":16},"end":{"line":358,"column":27}},"29":{"start":{"line":253,"column":26},"end":{"line":253,"column":75}}},"fnMap":{"0":{"name":"(anonymous_0)","decl":{"start":{"line":29,"column":21},"end":{"line":29,"column":22}},"loc":{"start":{"line":29,"column":32},"end":{"line":398,"column":1}},"line":29},"1":{"name":"(anonymous_1)","decl":{"start":{"line":63,"column":29},"end":{"line":63,"column":30}},"loc":{"start":{"line":63,"column":35},"end":{"line":65,"column":3}},"line":63},"2":{"name":"(anonymous_2)","decl":{"start":{"line":68,"column":22},"end":{"line":68,"column":23}},"loc":{"start":{"line":68,"column":42},"end":{"line":80,"column":3}},"line":68},"3":{"name":"(anonymous_3)","decl":{"start":{"line":68,"column":42},"end":{"line":68,"column":43}},"loc":{"start":{"line":68,"column":53},"end":{"line":80,"column":3}},"line":68},"4":{"name":"(anonymous_4)","decl":{"start":{"line":72,"column":15},"end":{"line":72,"column":16}},"loc":{"start":{"line":72,"column":21},"end":{"line":79,"column":5}},"line":72},"5":{"name":"(anonymous_5)","decl":{"start":{"line":83,"column":30},"end":{"line":83,"column":31}},"loc":{"start":{"line":83,"column":36},"end":{"line":86,"column":3}},"line":83},"6":{"name":"(anonymous_6)","decl":{"start":{"line":94,"column":12},"end":{"line":94,"column":13}},"loc":{"start":{"line":94,"column":18},"end":{"line":100,"column":3}},"line":94},"7":{"name":"(anonymous_7)","decl":{"start":{"line":95,"column":31},"end":{"line":95,"column":32}},"loc":{"start":{"line":95,"column":37},"end":{"line":97,"column":5}},"line":95},"8":{"name":"(anonymous_8)","decl":{"start":{"line":99,"column":11},"end":{"line":99,"column":12}},"loc":{"start":{"line":99,"column":17},"end":{"line":99,"column":38}},"line":99},"9":{"name":"(anonymous_9)","decl":{"start":{"line":239,"column":29},"end":{"line":239,"column":30}},"loc":{"start":{"line":240,"column":16},"end":{"line":358,"column":27}},"line":240},"10":{"name":"(anonymous_10)","decl":{"start":{"line":252,"column":34},"end":{"line":252,"column":35}},"loc":{"start":{"line":253,"column":26},"end":{"line":253,"column":75}},"line":253}},"branchMap":{"0":{"loc":{"start":{"line":49,"column":6},"end":{"line":49,"column":29}},"type":"binary-expr","locations":[{"start":{"line":49,"column":6},"end":{"line":49,"column":23}},{"start":{"line":49,"column":27},"end":{"line":49,"column":29}}],"line":49},"1":{"loc":{"start":{"line":132,"column":2},"end":{"line":150,"column":3}},"type":"if","locations":[{"start":{"line":132,"column":2},"end":{"line":150,"column":3}},{"start":{"line":141,"column":9},"end":{"line":150,"column":3}}],"line":132},"2":{"loc":{"start":{"line":160,"column":7},"end":{"line":191,"column":7}},"type":"binary-expr","locations":[{"start":{"line":160,"column":7},"end":{"line":160,"column":24}},{"start":{"line":161,"column":8},"end":{"line":190,"column":14}}],"line":160},"3":{"loc":{"start":{"line":180,"column":11},"end":{"line":180,"column":77}},"type":"cond-expr","locations":[{"start":{"line":180,"column":39},"end":{"line":180,"column":70}},{"start":{"line":180,"column":73},"end":{"line":180,"column":77}}],"line":180},"4":{"loc":{"start":{"line":210,"column":13},"end":{"line":210,"column":57}},"type":"binary-expr","locations":[{"start":{"line":210,"column":13},"end":{"line":210,"column":30}},{"start":{"line":210,"column":34},"end":{"line":210,"column":57}}],"line":210},"5":{"loc":{"start":{"line":237,"column":11},"end":{"line":363,"column":11}},"type":"cond-expr","locations":[{"start":{"line":238,"column":12},"end":{"line":360,"column":15}},{"start":{"line":362,"column":12},"end":{"line":362,"column":23}}],"line":237},"6":{"loc":{"start":{"line":237,"column":11},"end":{"line":237,"column":56}},"type":"binary-expr","locations":[{"start":{"line":237,"column":11},"end":{"line":237,"column":27}},{"start":{"line":237,"column":31},"end":{"line":237,"column":56}}],"line":237},"7":{"loc":{"start":{"line":241,"column":19},"end":{"line":258,"column":19}},"type":"binary-expr","locations":[{"start":{"line":241,"column":19},"end":{"line":241,"column":36}},{"start":{"line":242,"column":20},"end":{"line":257,"column":32}}],"line":241},"8":{"loc":{"start":{"line":272,"column":23},"end":{"line":299,"column":23}},"type":"cond-expr","locations":[{"start":{"line":284,"column":24},"end":{"line":296,"column":31}},{"start":{"line":298,"column":24},"end":{"line":298,"column":52}}],"line":272},"9":{"loc":{"start":{"line":301,"column":23},"end":{"line":301,"column":76}},"type":"cond-expr","locations":[{"start":{"line":301,"column":38},"end":{"line":301,"column":69}},{"start":{"line":301,"column":72},"end":{"line":301,"column":76}}],"line":301},"10":{"loc":{"start":{"line":326,"column":23},"end":{"line":336,"column":30}},"type":"cond-expr","locations":[{"start":{"line":328,"column":24},"end":{"line":328,"column":50}},{"start":{"line":329,"column":26},"end":{"line":336,"column":30}}],"line":326},"11":{"loc":{"start":{"line":326,"column":23},"end":{"line":327,"column":56}},"type":"binary-expr","locations":[{"start":{"line":326,"column":23},"end":{"line":326,"column":60}},{"start":{"line":327,"column":22},"end":{"line":327,"column":56}}],"line":326},"12":{"loc":{"start":{"line":329,"column":26},"end":{"line":336,"column":30}},"type":"cond-expr","locations":[{"start":{"line":330,"column":24},"end":{"line":330,"column":52}},{"start":{"line":331,"column":26},"end":{"line":336,"column":30}}],"line":329},"13":{"loc":{"start":{"line":331,"column":26},"end":{"line":336,"column":30}},"type":"cond-expr","locations":[{"start":{"line":332,"column":24},"end":{"line":332,"column":68}},{"start":{"line":333,"column":26},"end":{"line":336,"column":30}}],"line":331},"14":{"loc":{"start":{"line":333,"column":26},"end":{"line":336,"column":30}},"type":"cond-expr","locations":[{"start":{"line":335,"column":24},"end":{"line":335,"column":51}},{"start":{"line":336,"column":26},"end":{"line":336,"column":30}}],"line":333},"15":{"loc":{"start":{"line":333,"column":26},"end":{"line":334,"column":59}},"type":"binary-expr","locations":[{"start":{"line":333,"column":26},"end":{"line":333,"column":64}},{"start":{"line":334,"column":24},"end":{"line":334,"column":59}}],"line":333},"16":{"loc":{"start":{"line":368,"column":7},"end":{"line":379,"column":7}},"type":"binary-expr","locations":[{"start":{"line":368,"column":7},"end":{"line":368,"column":25}},{"start":{"line":368,"column":29},"end":{"line":368,"column":51}},{"start":{"line":368,"column":55},"end":{"line":368,"column":71}},{"start":{"line":369,"column":8},"end":{"line":378,"column":21}}],"line":368}},"s":{"0":1,"1":6,"2":6,"3":6,"4":6,"5":6,"6":6,"7":0,"8":6,"9":0,"10":0,"11":0,"12":0,"13":0,"14":6,"15":0,"16":0,"17":6,"18":3,"19":0,"20":3,"21":3,"22":6,"23":6,"24":6,"25":0,"26":6,"27":6,"28":0,"29":0},"f":{"0":6,"1":0,"2":0,"3":0,"4":0,"5":0,"6":3,"7":0,"8":3,"9":0,"10":0},"b":{"0":[6,6],"1":[0,6],"2":[6,0],"3":[0,0],"4":[6,0],"5":[3,3],"6":[6,3],"7":[0,0],"8":[0,0],"9":[0,0],"10":[0,0],"11":[0,0],"12":[0,0],"13":[0,0],"14":[0,0],"15":[0,0],"16":[6,0,0,0]},"_coverageSchema":"1a1c01bbd47fc00a2c39e90264f33305004495a9","hash":"55daa045ee08a2e6d40251a06b9a3265d8171841"}
,"C:\\Users\\sellim\\.deloitte.project\\rms-tasklist-workflow-3\\rms-tasklist-workflow\\source-code\\rms-tasklist-workflow-frontend\\src\\table-layouts\\TableFilter.js": {"path":"C:\\Users\\sellim\\.deloitte.project\\rms-tasklist-workflow-3\\rms-tasklist-workflow\\source-code\\rms-tasklist-workflow-frontend\\src\\table-layouts\\TableFilter.js","statementMap":{"0":{"start":{"line":15,"column":20},"end":{"line":182,"column":1}},"1":{"start":{"line":27,"column":6},"end":{"line":27,"column":22}},"2":{"start":{"line":39,"column":6},"end":{"line":39,"column":29}},"3":{"start":{"line":46,"column":31},"end":{"line":49,"column":5}},"4":{"start":{"line":46,"column":63},"end":{"line":49,"column":3}},"5":{"start":{"line":52,"column":2},"end":{"line":52,"column":60}},"6":{"start":{"line":55,"column":34},"end":{"line":58,"column":5}},"7":{"start":{"line":55,"column":68},"end":{"line":58,"column":3}},"8":{"start":{"line":61,"column":2},"end":{"line":61,"column":63}},"9":{"start":{"line":67,"column":23},"end":{"line":73,"column":3}},"10":{"start":{"line":68,"column":28},"end":{"line":72,"column":5}},"11":{"start":{"line":80,"column":2},"end":{"line":181,"column":4}}},"fnMap":{"0":{"name":"(anonymous_0)","decl":{"start":{"line":15,"column":20},"end":{"line":15,"column":21}},"loc":{"start":{"line":15,"column":31},"end":{"line":182,"column":1}},"line":15},"1":{"name":"(anonymous_1)","decl":{"start":{"line":46,"column":50},"end":{"line":46,"column":51}},"loc":{"start":{"line":46,"column":63},"end":{"line":49,"column":3}},"line":46},"2":{"name":"(anonymous_2)","decl":{"start":{"line":55,"column":55},"end":{"line":55,"column":56}},"loc":{"start":{"line":55,"column":68},"end":{"line":58,"column":3}},"line":55},"3":{"name":"(anonymous_3)","decl":{"start":{"line":68,"column":13},"end":{"line":68,"column":14}},"loc":{"start":{"line":68,"column":28},"end":{"line":72,"column":5}},"line":68}},"branchMap":{"0":{"loc":{"start":{"line":39,"column":6},"end":{"line":39,"column":29}},"type":"binary-expr","locations":[{"start":{"line":39,"column":6},"end":{"line":39,"column":23}},{"start":{"line":39,"column":27},"end":{"line":39,"column":29}}],"line":39},"1":{"loc":{"start":{"line":85,"column":11},"end":{"line":95,"column":11}},"type":"binary-expr","locations":[{"start":{"line":85,"column":11},"end":{"line":85,"column":26}},{"start":{"line":86,"column":12},"end":{"line":94,"column":18}}],"line":85}},"s":{"0":1,"1":6,"2":6,"3":6,"4":0,"5":6,"6":6,"7":0,"8":6,"9":6,"10":12,"11":6},"f":{"0":6,"1":0,"2":0,"3":12},"b":{"0":[6,6],"1":[6,0]},"_coverageSchema":"1a1c01bbd47fc00a2c39e90264f33305004495a9","hash":"33893833fe4743bf6ee407ff40c9ee03f9e1b641"}
,"C:\\Users\\sellim\\.deloitte.project\\rms-tasklist-workflow-3\\rms-tasklist-workflow\\source-code\\rms-tasklist-workflow-frontend\\src\\table-layouts\\TableSkeletonLoader.js": {"path":"C:\\Users\\sellim\\.deloitte.project\\rms-tasklist-workflow-3\\rms-tasklist-workflow\\source-code\\rms-tasklist-workflow-frontend\\src\\table-layouts\\TableSkeletonLoader.js","statementMap":{"0":{"start":{"line":4,"column":28},"end":{"line":46,"column":1}},"1":{"start":{"line":6,"column":26},"end":{"line":9,"column":3}},"2":{"start":{"line":11,"column":19},"end":{"line":11,"column":22}},"3":{"start":{"line":12,"column":20},"end":{"line":12,"column":21}},"4":{"start":{"line":14,"column":16},"end":{"line":14,"column":18}},"5":{"start":{"line":15,"column":2},"end":{"line":26,"column":3}},"6":{"start":{"line":15,"column":15},"end":{"line":15,"column":16}},"7":{"start":{"line":16,"column":4},"end":{"line":25,"column":6}},"8":{"start":{"line":28,"column":20},"end":{"line":43,"column":4}},"9":{"start":{"line":29,"column":4},"end":{"line":42,"column":15}},"10":{"start":{"line":45,"column":2},"end":{"line":45,"column":19}}},"fnMap":{"0":{"name":"(anonymous_0)","decl":{"start":{"line":4,"column":28},"end":{"line":4,"column":29}},"loc":{"start":{"line":4,"column":67},"end":{"line":46,"column":1}},"line":4},"1":{"name":"(anonymous_1)","decl":{"start":{"line":28,"column":44},"end":{"line":28,"column":45}},"loc":{"start":{"line":29,"column":4},"end":{"line":42,"column":15}},"line":29}},"branchMap":{"0":{"loc":{"start":{"line":30,"column":7},"end":{"line":39,"column":14}},"type":"cond-expr","locations":[{"start":{"line":31,"column":8},"end":{"line":38,"column":20}},{"start":{"line":39,"column":10},"end":{"line":39,"column":14}}],"line":30}},"s":{"0":1,"1":3,"2":3,"3":3,"4":3,"5":3,"6":3,"7":18,"8":3,"9":33,"10":3},"f":{"0":3,"1":33},"b":{"0":[0,33]},"_coverageSchema":"1a1c01bbd47fc00a2c39e90264f33305004495a9","hash":"b4e8f546a21b137e524276f21feab6fc2c0d43c5"}
,"C:\\Users\\sellim\\.deloitte.project\\rms-tasklist-workflow-3\\rms-tasklist-workflow\\source-code\\rms-tasklist-workflow-frontend\\src\\tasks-workflow\\Task\\TaskList.js": {"path":"C:\\Users\\sellim\\.deloitte.project\\rms-tasklist-workflow-3\\rms-tasklist-workflow\\source-code\\rms-tasklist-workflow-frontend\\src\\tasks-workflow\\Task\\TaskList.js","statementMap":{"0":{"start":{"line":14,"column":17},"end":{"line":325,"column":1}},"1":{"start":{"line":19,"column":36},"end":{"line":19,"column":51}},"2":{"start":{"line":20,"column":36},"end":{"line":20,"column":48}},"3":{"start":{"line":22,"column":46},"end":{"line":22,"column":58}},"4":{"start":{"line":23,"column":50},"end":{"line":23,"column":62}},"5":{"start":{"line":25,"column":42},"end":{"line":25,"column":54}},"6":{"start":{"line":26,"column":44},"end":{"line":26,"column":56}},"7":{"start":{"line":27,"column":46},"end":{"line":27,"column":58}},"8":{"start":{"line":28,"column":50},"end":{"line":28,"column":62}},"9":{"start":{"line":30,"column":38},"end":{"line":30,"column":50}},"10":{"start":{"line":31,"column":36},"end":{"line":31,"column":51}},"11":{"start":{"line":33,"column":40},"end":{"line":33,"column":51}},"12":{"start":{"line":34,"column":34},"end":{"line":34,"column":46}},"13":{"start":{"line":35,"column":37},"end":{"line":35,"column":48}},"14":{"start":{"line":44,"column":27},"end":{"line":47,"column":3}},"15":{"start":{"line":46,"column":4},"end":{"line":46,"column":40}},"16":{"start":{"line":50,"column":28},"end":{"line":52,"column":3}},"17":{"start":{"line":51,"column":4},"end":{"line":51,"column":41}},"18":{"start":{"line":55,"column":29},"end":{"line":57,"column":3}},"19":{"start":{"line":56,"column":4},"end":{"line":56,"column":35}},"20":{"start":{"line":60,"column":27},"end":{"line":64,"column":3}},"21":{"start":{"line":61,"column":4},"end":{"line":61,"column":23}},"22":{"start":{"line":63,"column":4},"end":{"line":63,"column":28}},"23":{"start":{"line":66,"column":31},"end":{"line":68,"column":3}},"24":{"start":{"line":67,"column":4},"end":{"line":67,"column":37}},"25":{"start":{"line":79,"column":21},"end":{"line":83,"column":4}},"26":{"start":{"line":80,"column":4},"end":{"line":82,"column":6}},"27":{"start":{"line":86,"column":22},"end":{"line":90,"column":4}},"28":{"start":{"line":87,"column":4},"end":{"line":89,"column":6}},"29":{"start":{"line":93,"column":26},"end":{"line":105,"column":3}},"30":{"start":{"line":94,"column":4},"end":{"line":104,"column":5}},"31":{"start":{"line":95,"column":6},"end":{"line":97,"column":8}},"32":{"start":{"line":96,"column":8},"end":{"line":96,"column":72}},"33":{"start":{"line":96,"column":46},"end":{"line":96,"column":71}},"34":{"start":{"line":98,"column":6},"end":{"line":98,"column":27}},"35":{"start":{"line":100,"column":6},"end":{"line":102,"column":8}},"36":{"start":{"line":101,"column":8},"end":{"line":101,"column":72}},"37":{"start":{"line":101,"column":46},"end":{"line":101,"column":71}},"38":{"start":{"line":103,"column":6},"end":{"line":103,"column":26}},"39":{"start":{"line":114,"column":26},"end":{"line":157,"column":3}},"40":{"start":{"line":115,"column":4},"end":{"line":115,"column":23}},"41":{"start":{"line":117,"column":19},"end":{"line":127,"column":6}},"42":{"start":{"line":129,"column":4},"end":{"line":156,"column":13}},"43":{"start":{"line":130,"column":6},"end":{"line":155,"column":11}},"44":{"start":{"line":131,"column":28},"end":{"line":131,"column":43}},"45":{"start":{"line":135,"column":23},"end":{"line":135,"column":41}},"46":{"start":{"line":137,"column":10},"end":{"line":148,"column":11}},"47":{"start":{"line":138,"column":12},"end":{"line":138,"column":31}},"48":{"start":{"line":140,"column":25},"end":{"line":140,"column":59}},"49":{"start":{"line":140,"column":43},"end":{"line":140,"column":58}},"50":{"start":{"line":141,"column":12},"end":{"line":141,"column":32}},"51":{"start":{"line":143,"column":26},"end":{"line":143,"column":48}},"52":{"start":{"line":144,"column":12},"end":{"line":144,"column":32}},"53":{"start":{"line":146,"column":12},"end":{"line":146,"column":50}},"54":{"start":{"line":147,"column":12},"end":{"line":147,"column":29}},"55":{"start":{"line":151,"column":10},"end":{"line":151,"column":29}},"56":{"start":{"line":154,"column":10},"end":{"line":154,"column":30}},"57":{"start":{"line":159,"column":28},"end":{"line":184,"column":3}},"58":{"start":{"line":162,"column":17},"end":{"line":162,"column":32}},"59":{"start":{"line":163,"column":19},"end":{"line":166,"column":6}},"60":{"start":{"line":168,"column":4},"end":{"line":183,"column":12}},"61":{"start":{"line":169,"column":6},"end":{"line":182,"column":11}},"62":{"start":{"line":170,"column":28},"end":{"line":170,"column":43}},"63":{"start":{"line":173,"column":23},"end":{"line":173,"column":32}},"64":{"start":{"line":175,"column":10},"end":{"line":175,"column":34}},"65":{"start":{"line":178,"column":10},"end":{"line":178,"column":29}},"66":{"start":{"line":186,"column":30},"end":{"line":211,"column":3}},"67":{"start":{"line":188,"column":17},"end":{"line":188,"column":32}},"68":{"start":{"line":190,"column":19},"end":{"line":193,"column":6}},"69":{"start":{"line":195,"column":4},"end":{"line":210,"column":12}},"70":{"start":{"line":196,"column":6},"end":{"line":209,"column":11}},"71":{"start":{"line":197,"column":28},"end":{"line":197,"column":43}},"72":{"start":{"line":200,"column":23},"end":{"line":200,"column":32}},"73":{"start":{"line":202,"column":10},"end":{"line":202,"column":36}},"74":{"start":{"line":205,"column":10},"end":{"line":205,"column":29}},"75":{"start":{"line":223,"column":2},"end":{"line":227,"column":20}},"76":{"start":{"line":224,"column":4},"end":{"line":224,"column":22}},"77":{"start":{"line":225,"column":4},"end":{"line":225,"column":24}},"78":{"start":{"line":226,"column":4},"end":{"line":226,"column":26}},"79":{"start":{"line":229,"column":2},"end":{"line":260,"column":5}},"80":{"start":{"line":230,"column":22},"end":{"line":249,"column":11}},"81":{"start":{"line":232,"column":6},"end":{"line":232,"column":24}},"82":{"start":{"line":233,"column":6},"end":{"line":233,"column":26}},"83":{"start":{"line":234,"column":6},"end":{"line":234,"column":28}},"84":{"start":{"line":236,"column":6},"end":{"line":236,"column":24}},"85":{"start":{"line":237,"column":6},"end":{"line":237,"column":22}},"86":{"start":{"line":239,"column":6},"end":{"line":243,"column":7}},"87":{"start":{"line":240,"column":8},"end":{"line":240,"column":36}},"88":{"start":{"line":242,"column":8},"end":{"line":242,"column":25}},"89":{"start":{"line":244,"column":6},"end":{"line":248,"column":7}},"90":{"start":{"line":245,"column":8},"end":{"line":245,"column":38}},"91":{"start":{"line":247,"column":8},"end":{"line":247,"column":25}},"92":{"start":{"line":251,"column":4},"end":{"line":253,"column":6}},"93":{"start":{"line":252,"column":6},"end":{"line":252,"column":30}},"94":{"start":{"line":270,"column":21},"end":{"line":281,"column":3}},"95":{"start":{"line":283,"column":22},"end":{"line":289,"column":3}},"96":{"start":{"line":291,"column":2},"end":{"line":324,"column":4}}},"fnMap":{"0":{"name":"(anonymous_0)","decl":{"start":{"line":14,"column":17},"end":{"line":14,"column":18}},"loc":{"start":{"line":14,"column":23},"end":{"line":325,"column":1}},"line":14},"1":{"name":"(anonymous_1)","decl":{"start":{"line":44,"column":27},"end":{"line":44,"column":28}},"loc":{"start":{"line":44,"column":38},"end":{"line":47,"column":3}},"line":44},"2":{"name":"(anonymous_2)","decl":{"start":{"line":50,"column":28},"end":{"line":50,"column":29}},"loc":{"start":{"line":50,"column":39},"end":{"line":52,"column":3}},"line":50},"3":{"name":"(anonymous_3)","decl":{"start":{"line":55,"column":29},"end":{"line":55,"column":30}},"loc":{"start":{"line":55,"column":40},"end":{"line":57,"column":3}},"line":55},"4":{"name":"(anonymous_4)","decl":{"start":{"line":60,"column":27},"end":{"line":60,"column":28}},"loc":{"start":{"line":60,"column":40},"end":{"line":64,"column":3}},"line":60},"5":{"name":"(anonymous_5)","decl":{"start":{"line":66,"column":31},"end":{"line":66,"column":32}},"loc":{"start":{"line":66,"column":42},"end":{"line":68,"column":3}},"line":66},"6":{"name":"(anonymous_6)","decl":{"start":{"line":79,"column":38},"end":{"line":79,"column":39}},"loc":{"start":{"line":79,"column":48},"end":{"line":83,"column":3}},"line":79},"7":{"name":"(anonymous_7)","decl":{"start":{"line":86,"column":39},"end":{"line":86,"column":40}},"loc":{"start":{"line":86,"column":49},"end":{"line":90,"column":3}},"line":86},"8":{"name":"(anonymous_8)","decl":{"start":{"line":93,"column":26},"end":{"line":93,"column":27}},"loc":{"start":{"line":93,"column":32},"end":{"line":105,"column":3}},"line":93},"9":{"name":"(anonymous_9)","decl":{"start":{"line":95,"column":20},"end":{"line":95,"column":21}},"loc":{"start":{"line":96,"column":8},"end":{"line":96,"column":72}},"line":96},"10":{"name":"(anonymous_10)","decl":{"start":{"line":96,"column":36},"end":{"line":96,"column":37}},"loc":{"start":{"line":96,"column":46},"end":{"line":96,"column":71}},"line":96},"11":{"name":"(anonymous_11)","decl":{"start":{"line":100,"column":20},"end":{"line":100,"column":21}},"loc":{"start":{"line":101,"column":8},"end":{"line":101,"column":72}},"line":101},"12":{"name":"(anonymous_12)","decl":{"start":{"line":101,"column":36},"end":{"line":101,"column":37}},"loc":{"start":{"line":101,"column":46},"end":{"line":101,"column":71}},"line":101},"13":{"name":"(anonymous_13)","decl":{"start":{"line":114,"column":26},"end":{"line":114,"column":27}},"loc":{"start":{"line":114,"column":32},"end":{"line":157,"column":3}},"line":114},"14":{"name":"(anonymous_14)","decl":{"start":{"line":129,"column":15},"end":{"line":129,"column":16}},"loc":{"start":{"line":129,"column":21},"end":{"line":156,"column":5}},"line":129},"15":{"name":"(anonymous_15)","decl":{"start":{"line":131,"column":14},"end":{"line":131,"column":15}},"loc":{"start":{"line":131,"column":28},"end":{"line":131,"column":43}},"line":131},"16":{"name":"(anonymous_16)","decl":{"start":{"line":133,"column":14},"end":{"line":133,"column":15}},"loc":{"start":{"line":133,"column":24},"end":{"line":149,"column":9}},"line":133},"17":{"name":"(anonymous_17)","decl":{"start":{"line":140,"column":34},"end":{"line":140,"column":35}},"loc":{"start":{"line":140,"column":43},"end":{"line":140,"column":58}},"line":140},"18":{"name":"(anonymous_18)","decl":{"start":{"line":150,"column":15},"end":{"line":150,"column":16}},"loc":{"start":{"line":150,"column":26},"end":{"line":152,"column":9}},"line":150},"19":{"name":"(anonymous_19)","decl":{"start":{"line":153,"column":17},"end":{"line":153,"column":18}},"loc":{"start":{"line":153,"column":23},"end":{"line":155,"column":9}},"line":153},"20":{"name":"(anonymous_20)","decl":{"start":{"line":159,"column":28},"end":{"line":159,"column":29}},"loc":{"start":{"line":159,"column":34},"end":{"line":184,"column":3}},"line":159},"21":{"name":"(anonymous_21)","decl":{"start":{"line":168,"column":15},"end":{"line":168,"column":16}},"loc":{"start":{"line":168,"column":21},"end":{"line":183,"column":5}},"line":168},"22":{"name":"(anonymous_22)","decl":{"start":{"line":170,"column":14},"end":{"line":170,"column":15}},"loc":{"start":{"line":170,"column":28},"end":{"line":170,"column":43}},"line":170},"23":{"name":"(anonymous_23)","decl":{"start":{"line":171,"column":14},"end":{"line":171,"column":15}},"loc":{"start":{"line":171,"column":24},"end":{"line":176,"column":9}},"line":171},"24":{"name":"(anonymous_24)","decl":{"start":{"line":177,"column":15},"end":{"line":177,"column":16}},"loc":{"start":{"line":177,"column":26},"end":{"line":179,"column":9}},"line":177},"25":{"name":"(anonymous_25)","decl":{"start":{"line":180,"column":17},"end":{"line":180,"column":18}},"loc":{"start":{"line":180,"column":23},"end":{"line":182,"column":9}},"line":180},"26":{"name":"(anonymous_26)","decl":{"start":{"line":186,"column":30},"end":{"line":186,"column":31}},"loc":{"start":{"line":186,"column":36},"end":{"line":211,"column":3}},"line":186},"27":{"name":"(anonymous_27)","decl":{"start":{"line":195,"column":15},"end":{"line":195,"column":16}},"loc":{"start":{"line":195,"column":21},"end":{"line":210,"column":5}},"line":195},"28":{"name":"(anonymous_28)","decl":{"start":{"line":197,"column":14},"end":{"line":197,"column":15}},"loc":{"start":{"line":197,"column":28},"end":{"line":197,"column":43}},"line":197},"29":{"name":"(anonymous_29)","decl":{"start":{"line":198,"column":14},"end":{"line":198,"column":15}},"loc":{"start":{"line":198,"column":24},"end":{"line":203,"column":9}},"line":198},"30":{"name":"(anonymous_30)","decl":{"start":{"line":204,"column":15},"end":{"line":204,"column":16}},"loc":{"start":{"line":204,"column":26},"end":{"line":206,"column":9}},"line":204},"31":{"name":"(anonymous_31)","decl":{"start":{"line":207,"column":17},"end":{"line":207,"column":18}},"loc":{"start":{"line":207,"column":23},"end":{"line":209,"column":9}},"line":207},"32":{"name":"(anonymous_32)","decl":{"start":{"line":223,"column":12},"end":{"line":223,"column":13}},"loc":{"start":{"line":223,"column":18},"end":{"line":227,"column":3}},"line":223},"33":{"name":"(anonymous_33)","decl":{"start":{"line":229,"column":12},"end":{"line":229,"column":13}},"loc":{"start":{"line":229,"column":18},"end":{"line":254,"column":3}},"line":229},"34":{"name":"(anonymous_34)","decl":{"start":{"line":230,"column":33},"end":{"line":230,"column":34}},"loc":{"start":{"line":230,"column":39},"end":{"line":249,"column":5}},"line":230},"35":{"name":"(anonymous_35)","decl":{"start":{"line":251,"column":11},"end":{"line":251,"column":12}},"loc":{"start":{"line":251,"column":17},"end":{"line":253,"column":5}},"line":251}},"branchMap":{"0":{"loc":{"start":{"line":81,"column":6},"end":{"line":81,"column":77}},"type":"binary-expr","locations":[{"start":{"line":81,"column":6},"end":{"line":81,"column":15}},{"start":{"line":81,"column":19},"end":{"line":81,"column":77}}],"line":81},"1":{"loc":{"start":{"line":88,"column":6},"end":{"line":88,"column":80}},"type":"binary-expr","locations":[{"start":{"line":88,"column":6},"end":{"line":88,"column":16}},{"start":{"line":88,"column":20},"end":{"line":88,"column":80}}],"line":88},"2":{"loc":{"start":{"line":94,"column":4},"end":{"line":104,"column":5}},"type":"if","locations":[{"start":{"line":94,"column":4},"end":{"line":104,"column":5}},{"start":{"line":99,"column":11},"end":{"line":104,"column":5}}],"line":94},"3":{"loc":{"start":{"line":137,"column":10},"end":{"line":148,"column":11}},"type":"if","locations":[{"start":{"line":137,"column":10},"end":{"line":148,"column":11}},{"start":{"line":145,"column":17},"end":{"line":148,"column":11}}],"line":137},"4":{"loc":{"start":{"line":239,"column":6},"end":{"line":243,"column":7}},"type":"if","locations":[{"start":{"line":239,"column":6},"end":{"line":243,"column":7}},{"start":{"line":241,"column":13},"end":{"line":243,"column":7}}],"line":239},"5":{"loc":{"start":{"line":239,"column":10},"end":{"line":239,"column":52}},"type":"binary-expr","locations":[{"start":{"line":239,"column":10},"end":{"line":239,"column":31}},{"start":{"line":239,"column":35},"end":{"line":239,"column":52}}],"line":239},"6":{"loc":{"start":{"line":244,"column":6},"end":{"line":248,"column":7}},"type":"if","locations":[{"start":{"line":244,"column":6},"end":{"line":248,"column":7}},{"start":{"line":246,"column":13},"end":{"line":248,"column":7}}],"line":244},"7":{"loc":{"start":{"line":244,"column":10},"end":{"line":244,"column":54}},"type":"binary-expr","locations":[{"start":{"line":244,"column":10},"end":{"line":244,"column":32}},{"start":{"line":244,"column":36},"end":{"line":244,"column":54}}],"line":244}},"s":{"0":1,"1":6,"2":6,"3":6,"4":6,"5":6,"6":6,"7":6,"8":6,"9":6,"10":6,"11":6,"12":6,"13":6,"14":6,"15":0,"16":6,"17":0,"18":6,"19":0,"20":6,"21":0,"22":0,"23":6,"24":0,"25":6,"26":0,"27":6,"28":0,"29":6,"30":0,"31":0,"32":0,"33":0,"34":0,"35":0,"36":0,"37":0,"38":0,"39":6,"40":3,"41":3,"42":3,"43":0,"44":0,"45":0,"46":0,"47":0,"48":0,"49":0,"50":0,"51":0,"52":0,"53":0,"54":0,"55":0,"56":0,"57":6,"58":3,"59":3,"60":3,"61":0,"62":0,"63":0,"64":0,"65":0,"66":6,"67":3,"68":3,"69":3,"70":0,"71":0,"72":0,"73":0,"74":0,"75":6,"76":3,"77":3,"78":3,"79":6,"80":3,"81":0,"82":0,"83":0,"84":0,"85":0,"86":0,"87":0,"88":0,"89":0,"90":0,"91":0,"92":3,"93":3,"94":6,"95":6,"96":6},"f":{"0":6,"1":0,"2":0,"3":0,"4":0,"5":0,"6":0,"7":0,"8":0,"9":0,"10":0,"11":0,"12":0,"13":3,"14":0,"15":0,"16":0,"17":0,"18":0,"19":0,"20":3,"21":0,"22":0,"23":0,"24":0,"25":0,"26":3,"27":0,"28":0,"29":0,"30":0,"31":0,"32":3,"33":3,"34":0,"35":3},"b":{"0":[0,0],"1":[0,0],"2":[0,0],"3":[0,0],"4":[0,0],"5":[0,0],"6":[0,0],"7":[0,0]},"_coverageSchema":"1a1c01bbd47fc00a2c39e90264f33305004495a9","hash":"6f5f11e99a1b23cb5739130504b4966a0c9521ba"}
}
