TN:
SF:src\components\Popups\ErrorMessageWarning.js
FN:3,(anonymous_0)
FNF:1
FNH:0
FNDA:0,(anonymous_0)
DA:3,1
DA:4,0
DA:6,0
LF:3
LH:1
BRDA:29,0,0,0
BRDA:29,0,1,0
BRDA:42,1,0,0
BRDA:42,1,1,0
BRF:4
BRH:0
end_of_record
TN:
SF:src\components\Popups\PopUpModal.js
FN:25,(anonymous_0)
FN:37,(anonymous_1)
FNF:2
FNH:0
FNDA:0,(anonymous_0)
FNDA:0,(anonymous_1)
DA:25,1
DA:34,0
DA:37,0
DA:47,0
DA:57,0
DA:58,0
DA:63,0
DA:64,0
DA:65,0
DA:67,0
DA:71,0
LF:11
LH:1
BRDA:47,0,0,0
BRDA:47,0,1,0
BRDA:48,1,0,0
BRDA:48,1,1,0
BRDA:48,1,2,0
BRDA:48,1,3,0
BRDA:48,1,4,0
BRDA:48,1,5,0
BRDA:48,1,6,0
BRDA:48,1,7,0
BRDA:58,2,0,0
BRDA:58,2,1,0
BRDA:59,3,0,0
BRDA:59,3,1,0
BRDA:59,3,2,0
BRDA:64,4,0,0
BRDA:64,4,1,0
BRDA:102,5,0,0
BRDA:102,5,1,0
BRF:19
BRH:0
end_of_record
TN:
SF:src\data\DataConst.js
FNF:0
FNH:0
DA:2,1
DA:3,1
DA:6,1
DA:7,1
DA:8,1
DA:9,1
DA:10,1
DA:11,1
DA:12,1
DA:13,1
DA:14,1
DA:16,1
DA:17,1
DA:18,1
DA:19,1
DA:22,1
DA:24,1
DA:27,1
DA:31,1
DA:32,1
DA:34,1
DA:36,1
DA:37,1
LF:23
LH:23
BRF:0
BRH:0
end_of_record
TN:
SF:src\data\TaskGlobalApi.js
FN:27,(anonymous_0)
FN:38,(anonymous_1)
FN:49,(anonymous_2)
FN:57,(anonymous_3)
FN:68,(anonymous_4)
FN:76,(anonymous_5)
FN:89,(anonymous_6)
FN:101,(anonymous_7)
FN:111,(anonymous_8)
FN:120,(anonymous_9)
FN:130,(anonymous_10)
FN:142,(anonymous_11)
FN:154,(anonymous_12)
FN:165,(anonymous_13)
FNF:14
FNH:0
FNDA:0,(anonymous_0)
FNDA:0,(anonymous_1)
FNDA:0,(anonymous_2)
FNDA:0,(anonymous_3)
FNDA:0,(anonymous_4)
FNDA:0,(anonymous_5)
FNDA:0,(anonymous_6)
FNDA:0,(anonymous_7)
FNDA:0,(anonymous_8)
FNDA:0,(anonymous_9)
FNDA:0,(anonymous_10)
FNDA:0,(anonymous_11)
FNDA:0,(anonymous_12)
FNDA:0,(anonymous_13)
DA:1,1
DA:3,1
DA:4,1
DA:6,1
DA:7,1
DA:8,1
DA:9,1
DA:11,1
DA:12,1
DA:13,1
DA:15,1
DA:16,1
DA:17,1
DA:18,1
DA:19,1
DA:21,1
DA:28,0
DA:34,0
DA:39,0
DA:45,0
DA:50,0
DA:53,0
DA:58,0
DA:64,0
DA:69,0
DA:72,0
DA:77,0
DA:85,0
DA:90,0
DA:97,0
DA:102,0
DA:108,0
DA:112,0
DA:117,0
DA:121,0
DA:127,0
DA:131,0
DA:139,0
DA:143,0
DA:149,0
DA:155,0
DA:161,0
DA:166,0
DA:172,0
LF:44
LH:16
BRF:0
BRH:0
end_of_record
TN:
SF:src\table-layouts\BackdropLoader.js
FN:6,(anonymous_0)
FN:12,(anonymous_1)
FNF:2
FNH:0
FNDA:0,(anonymous_0)
FNDA:0,(anonymous_1)
DA:6,1
DA:7,0
DA:12,0
LF:3
LH:1
BRF:0
BRH:0
end_of_record
TN:
SF:src\table-layouts\PageTitle.js
FN:5,(anonymous_0)
FNF:1
FNH:1
FNDA:6,(anonymous_0)
DA:3,1
DA:5,1
DA:6,6
LF:3
LH:3
BRF:0
BRH:0
end_of_record
TN:
SF:src\table-layouts\Pagination.js
FN:3,PaginationTable
FN:21,(anonymous_1)
FN:31,(anonymous_2)
FN:40,(anonymous_3)
FN:51,(anonymous_4)
FN:59,(anonymous_5)
FNF:6
FNH:1
FNDA:6,PaginationTable
FNDA:0,(anonymous_1)
FNDA:0,(anonymous_2)
FNDA:0,(anonymous_3)
FNDA:0,(anonymous_4)
FNDA:0,(anonymous_5)
DA:5,6
DA:8,6
DA:15,6
DA:20,6
DA:21,0
DA:24,6
DA:31,0
DA:41,0
DA:51,0
DA:59,0
LF:10
LH:5
BRDA:26,0,0,0
BRDA:26,0,1,6
BRDA:46,1,0,0
BRDA:46,1,1,0
BRF:4
BRH:1
end_of_record
TN:
SF:src\table-layouts\TableDisplay.js
FN:29,(anonymous_0)
FN:63,(anonymous_1)
FN:68,(anonymous_2)
FN:68,(anonymous_3)
FN:72,(anonymous_4)
FN:83,(anonymous_5)
FN:94,(anonymous_6)
FN:95,(anonymous_7)
FN:99,(anonymous_8)
FN:239,(anonymous_9)
FN:252,(anonymous_10)
FNF:11
FNH:3
FNDA:6,(anonymous_0)
FNDA:0,(anonymous_1)
FNDA:0,(anonymous_2)
FNDA:0,(anonymous_3)
FNDA:0,(anonymous_4)
FNDA:0,(anonymous_5)
FNDA:3,(anonymous_6)
FNDA:0,(anonymous_7)
FNDA:3,(anonymous_8)
FNDA:0,(anonymous_9)
FNDA:0,(anonymous_10)
DA:29,1
DA:36,6
DA:49,6
DA:51,6
DA:53,6
DA:54,6
DA:63,6
DA:64,0
DA:68,6
DA:69,0
DA:70,0
DA:72,0
DA:73,0
DA:83,6
DA:84,0
DA:85,0
DA:94,6
DA:95,3
DA:96,0
DA:99,3
DA:108,6
DA:118,6
DA:132,6
DA:133,0
DA:142,6
DA:158,6
DA:240,0
DA:253,0
LF:28
LH:17
BRDA:49,0,0,6
BRDA:49,0,1,6
BRDA:132,1,0,0
BRDA:132,1,1,6
BRDA:160,2,0,6
BRDA:160,2,1,0
BRDA:180,3,0,0
BRDA:180,3,1,0
BRDA:210,4,0,6
BRDA:210,4,1,0
BRDA:237,5,0,3
BRDA:237,5,1,3
BRDA:237,6,0,6
BRDA:237,6,1,3
BRDA:241,7,0,0
BRDA:241,7,1,0
BRDA:272,8,0,0
BRDA:272,8,1,0
BRDA:301,9,0,0
BRDA:301,9,1,0
BRDA:326,10,0,0
BRDA:326,10,1,0
BRDA:326,11,0,0
BRDA:326,11,1,0
BRDA:329,12,0,0
BRDA:329,12,1,0
BRDA:331,13,0,0
BRDA:331,13,1,0
BRDA:333,14,0,0
BRDA:333,14,1,0
BRDA:333,15,0,0
BRDA:333,15,1,0
BRDA:368,16,0,6
BRDA:368,16,1,0
BRDA:368,16,2,0
BRDA:368,16,3,0
BRF:36
BRH:10
end_of_record
TN:
SF:src\table-layouts\TableFilter.js
FN:15,(anonymous_0)
FN:46,(anonymous_1)
FN:55,(anonymous_2)
FN:68,(anonymous_3)
FNF:4
FNH:2
FNDA:6,(anonymous_0)
FNDA:0,(anonymous_1)
FNDA:0,(anonymous_2)
FNDA:12,(anonymous_3)
DA:15,1
DA:27,6
DA:39,6
DA:46,6
DA:52,6
DA:55,6
DA:61,6
DA:67,6
DA:68,12
DA:80,6
LF:10
LH:10
BRDA:39,0,0,6
BRDA:39,0,1,6
BRDA:85,1,0,6
BRDA:85,1,1,0
BRF:4
BRH:3
end_of_record
TN:
SF:src\table-layouts\TableSkeletonLoader.js
FN:4,(anonymous_0)
FN:28,(anonymous_1)
FNF:2
FNH:2
FNDA:3,(anonymous_0)
FNDA:33,(anonymous_1)
DA:4,1
DA:6,3
DA:11,3
DA:12,3
DA:14,3
DA:15,3
DA:16,18
DA:28,3
DA:29,33
DA:45,3
LF:10
LH:10
BRDA:30,0,0,0
BRDA:30,0,1,33
BRF:2
BRH:1
end_of_record
TN:
SF:src\tasks-workflow\Task\TaskList.js
FN:14,(anonymous_0)
FN:44,(anonymous_1)
FN:50,(anonymous_2)
FN:55,(anonymous_3)
FN:60,(anonymous_4)
FN:66,(anonymous_5)
FN:79,(anonymous_6)
FN:86,(anonymous_7)
FN:93,(anonymous_8)
FN:95,(anonymous_9)
FN:96,(anonymous_10)
FN:100,(anonymous_11)
FN:101,(anonymous_12)
FN:114,(anonymous_13)
FN:129,(anonymous_14)
FN:131,(anonymous_15)
FN:133,(anonymous_16)
FN:140,(anonymous_17)
FN:150,(anonymous_18)
FN:153,(anonymous_19)
FN:159,(anonymous_20)
FN:168,(anonymous_21)
FN:170,(anonymous_22)
FN:171,(anonymous_23)
FN:177,(anonymous_24)
FN:180,(anonymous_25)
FN:186,(anonymous_26)
FN:195,(anonymous_27)
FN:197,(anonymous_28)
FN:198,(anonymous_29)
FN:204,(anonymous_30)
FN:207,(anonymous_31)
FN:223,(anonymous_32)
FN:229,(anonymous_33)
FN:230,(anonymous_34)
FN:251,(anonymous_35)
FNF:36
FNH:7
FNDA:6,(anonymous_0)
FNDA:0,(anonymous_1)
FNDA:0,(anonymous_2)
FNDA:0,(anonymous_3)
FNDA:0,(anonymous_4)
FNDA:0,(anonymous_5)
FNDA:0,(anonymous_6)
FNDA:0,(anonymous_7)
FNDA:0,(anonymous_8)
FNDA:0,(anonymous_9)
FNDA:0,(anonymous_10)
FNDA:0,(anonymous_11)
FNDA:0,(anonymous_12)
FNDA:3,(anonymous_13)
FNDA:0,(anonymous_14)
FNDA:0,(anonymous_15)
FNDA:0,(anonymous_16)
FNDA:0,(anonymous_17)
FNDA:0,(anonymous_18)
FNDA:0,(anonymous_19)
FNDA:3,(anonymous_20)
FNDA:0,(anonymous_21)
FNDA:0,(anonymous_22)
FNDA:0,(anonymous_23)
FNDA:0,(anonymous_24)
FNDA:0,(anonymous_25)
FNDA:3,(anonymous_26)
FNDA:0,(anonymous_27)
FNDA:0,(anonymous_28)
FNDA:0,(anonymous_29)
FNDA:0,(anonymous_30)
FNDA:0,(anonymous_31)
FNDA:3,(anonymous_32)
FNDA:3,(anonymous_33)
FNDA:0,(anonymous_34)
FNDA:3,(anonymous_35)
DA:14,1
DA:19,6
DA:20,6
DA:22,6
DA:23,6
DA:25,6
DA:26,6
DA:27,6
DA:28,6
DA:30,6
DA:31,6
DA:33,6
DA:34,6
DA:35,6
DA:44,6
DA:46,0
DA:50,6
DA:51,0
DA:55,6
DA:56,0
DA:60,6
DA:61,0
DA:63,0
DA:66,6
DA:67,0
DA:79,6
DA:80,0
DA:86,6
DA:87,0
DA:93,6
DA:94,0
DA:95,0
DA:96,0
DA:98,0
DA:100,0
DA:101,0
DA:103,0
DA:114,6
DA:115,3
DA:117,3
DA:129,3
DA:130,0
DA:131,0
DA:135,0
DA:137,0
DA:138,0
DA:140,0
DA:141,0
DA:143,0
DA:144,0
DA:146,0
DA:147,0
DA:151,0
DA:154,0
DA:159,6
DA:162,3
DA:163,3
DA:168,3
DA:169,0
DA:170,0
DA:173,0
DA:175,0
DA:178,0
DA:186,6
DA:188,3
DA:190,3
DA:195,3
DA:196,0
DA:197,0
DA:200,0
DA:202,0
DA:205,0
DA:223,6
DA:224,3
DA:225,3
DA:226,3
DA:229,6
DA:230,3
DA:232,0
DA:233,0
DA:234,0
DA:236,0
DA:237,0
DA:239,0
DA:240,0
DA:242,0
DA:244,0
DA:245,0
DA:247,0
DA:251,3
DA:252,3
DA:270,6
DA:283,6
DA:291,6
LF:94
LH:45
BRDA:81,0,0,0
BRDA:81,0,1,0
BRDA:88,1,0,0
BRDA:88,1,1,0
BRDA:94,2,0,0
BRDA:94,2,1,0
BRDA:137,3,0,0
BRDA:137,3,1,0
BRDA:239,4,0,0
BRDA:239,4,1,0
BRDA:239,5,0,0
BRDA:239,5,1,0
BRDA:244,6,0,0
BRDA:244,6,1,0
BRDA:244,7,0,0
BRDA:244,7,1,0
BRF:16
BRH:0
end_of_record
